Flutter crash report.
Please report a bug at https://github.com/flutter/flutter/issues.

## command

flutter run

## exception

PathNotFoundException: PathNotFoundException: Creation of temporary directory failed, path = 'C:\Users\sudha\AppData\Local\Temp\flutter_tools.e85b740d\flutter_tools.' (OS Error: The system cannot find the path specified.
, errno = 3)

```
#0      _Directory.createTempSync (dart:io/directory_impl.dart:203:7)
#1      ForwardingDirectory.createTempSync (package:file/src/forwarding/forwarding_directory.dart:28:21)
#2      ErrorHandlingDirectory.createTempSync.<anonymous closure> (package:flutter_tools/src/base/error_handling_io.dart:419:27)
#3      _runSync (package:flutter_tools/src/base/error_handling_io.dart:550:14)
#4      ErrorHandlingDirectory.createTempSync (package:flutter_tools/src/base/error_handling_io.dart:418:12)
#5      ResidentWebRunner._generateEntrypoint (package:flutter_tools/src/isolated/resident_web_runner.dart:521:73)
#6      ResidentWebRunner._updateDevFS (package:flutter_tools/src/isolated/resident_web_runner.dart:585:22)
<asynchronous suspension>
#7      ResidentWebRunner.run.<anonymous closure> (package:flutter_tools/src/isolated/resident_web_runner.dart:329:41)
<asynchronous suspension>
#8      asyncGuard.<anonymous closure> (package:flutter_tools/src/base/async_guard.dart:109:26)
<asynchronous suspension>
```

## flutter doctor

```
[32m[✓][39m Flutter (Channel stable, 3.29.3, on Microsoft Windows [Version 10.0.22631.5189], locale en-IN) [509ms]
    [32m•[39m Flutter version 3.29.3 on channel stable at C:\flutter
    [32m•[39m Upstream repository https://github.com/flutter/flutter.git
    [32m•[39m Framework revision ea121f8859 (3 weeks ago), 2025-04-11 19:10:07 +0000
    [32m•[39m Engine revision cf56914b32
    [32m•[39m Dart version 3.7.2
    [32m•[39m DevTools version 2.42.3

[32m[✓][39m Windows Version (11 Home Single Language 64-bit, 23H2, 2009) [1,584ms]

[33m[!][39m Android toolchain - develop for Android devices (Android SDK version 35.0.1) [450ms]
    [32m•[39m Android SDK at C:\Users\sudha\AppData\Local\Android\sdk
    [31m✗[39m cmdline-tools component is missing
      Run `path/to/sdkmanager --install "cmdline-tools;latest"`
      See https://developer.android.com/studio/command-line for more details.
    [31m✗[39m Android license status unknown.
      Run `flutter doctor --android-licenses` to accept the SDK licenses.
      See https://flutter.dev/to/windows-android-setup for more details.

[32m[✓][39m Chrome - develop for the web [301ms]
    [32m•[39m Chrome at C:\Program Files\Google\Chrome\Application\chrome.exe

[33m[!][39m Visual Studio - develop Windows apps (Visual Studio Community 2022 17.14.0 Preview 1.1) [300ms]
    [32m•[39m Visual Studio at C:\Program Files\Microsoft Visual Studio\2022\Preview
    [32m•[39m Visual Studio Community 2022 version 17.14.35821.62
    [32m•[39m The current Visual Studio installation is a pre-release version. It may not be supported by Flutter yet.
    [31m✗[39m Visual Studio is missing necessary components. Please re-run the Visual Studio installer for the "Desktop development with C++" workload, and include these components:
        MSVC v142 - VS 2019 C++ x64/x86 build tools
         - If there are multiple build tool versions available, install the latest
        C++ CMake tools for Windows
        Windows 10 SDK

[32m[✓][39m Android Studio (version 2024.3) [6ms]
    [32m•[39m Android Studio at C:\Program Files\Android\Android Studio
    [32m•[39m Flutter plugin can be installed from:
      🔨 https://plugins.jetbrains.com/plugin/9212-flutter
    [32m•[39m Dart plugin can be installed from:
      🔨 https://plugins.jetbrains.com/plugin/6351-dart
    [32m•[39m Java version OpenJDK Runtime Environment (build 21.0.6+-13355223-b631.42)

[32m[✓][39m VS Code (version 1.99.3) [4ms]
    [32m•[39m VS Code at C:\Users\sudha\AppData\Local\Programs\Microsoft VS Code
    [32m•[39m Flutter extension version 3.108.0

[32m[✓][39m Connected device (3 available) [110ms]
    [32m•[39m Windows (desktop) • windows • windows-x64    • Microsoft Windows [Version 10.0.22631.5189]
    [32m•[39m Chrome (web)      • chrome  • web-javascript • Google Chrome 136.0.7103.48
    [32m•[39m Edge (web)        • edge    • web-javascript • Microsoft Edge 135.0.3179.98

[32m[✓][39m Network resources [1,166ms]
    [32m•[39m All expected network resources are available.

[33m![39m Doctor found issues in 2 categories.
```
